
> vite-react-typescript-starter@0.0.0 build
> next build

   Ôû▓ Next.js 16.0.2-canary.20 (Turbopack, Cache Components)
   - Environments: .env.local
   - Experiments (use with caution):
     Ô£ô turbopackFileSystemCacheForBuild
     Ô£ô turbopackFileSystemCacheForDev

   Creating an optimized production build ...
 Ô£ô Compiled successfully in 4.4s
   Running TypeScript ...
   Collecting page data using 15 workers ...
   Generating static pages using 15 workers (0/8) ...
   Generating static pages using 15 workers (2/8) 
   Generating static pages using 15 workers (4/8) 
   Generating static pages using 15 workers (6/8) 
 Ô£ô Generating static pages using 15 workers (8/8) in 888.1ms
   Finalizing page optimization ...

Route (app)
Ôöî Ôùï /
Ôö£ Ôùï /_not-found
Ôö£ ÔùÉ /[slug]
Ôöé Ôöö /[slug]
Ôö£ ãÆ /api/posts
Ôö£ ãÆ /api/posts/[slug]
Ôö£ ãÆ /api/revalidate
Ôöö ãÆ /api/twitter/trends


Ôùï  (Static)             prerendered as static content
ÔùÉ  (Partial Prerender)  prerendered as static HTML with dynamic server-streamed content
ãÆ  (Dynamic)            server-rendered on demand

